<?xml version="1.0" encoding="UTF-8"?>
<!-- Generated by org.testng.reporters.JUnitReportReporter -->
<testsuite hostname="DESKTOP-3O9T5AI" failures="0" tests="1" name="vtiger.Contacts.Tests.CreateContactWithOrgTest" time="94.935" errors="0" timestamp="2023-02-15T09:04:39 IST" skipped="0">
  <testcase classname="vtiger.Contacts.Tests.CreateContactWithOrgTest" name="CreateContactWithOrgTest" time="94.935"/>
  <system-out/>
</testsuite> <!-- vtiger.Contacts.Tests.CreateContactWithOrgTest -->
