<?xml version="1.0" encoding="UTF-8"?>
<!-- Generated by org.testng.reporters.JUnitReportReporter -->
<testsuite hostname="DESKTOP-3O9T5AI" failures="0" tests="3" name="datadrivenpractice.dataDrivenTest" time="0.023" errors="0" timestamp="2023-02-14T19:59:15 IST" skipped="0">
  <testcase classname="datadrivenpractice.dataDrivenTest" name="addPhonesToCart" time="0.005"/>
  <system-out/>
  <testcase classname="datadrivenpractice.dataDrivenTest" name="addPhonesToCart" time="0.016"/>
  <system-out/>
  <testcase classname="datadrivenpractice.dataDrivenTest" name="addPhonesToCart" time="0.002"/>
  <system-out/>
</testsuite> <!-- datadrivenpractice.dataDrivenTest -->
