<?xml version="1.0" encoding="UTF-8"?>
<!-- Generated by org.testng.reporters.JUnitReportReporter -->
<testsuite hostname="DESKTOP-3O9T5AI" failures="0" tests="1" name="vtiger.Organizations.Tests.CreatOrgWithInddustry" time="42.439" errors="0" timestamp="2023-02-15T09:18:39 IST" skipped="0">
  <testcase classname="vtiger.Organizations.Tests.CreatOrgWithInddustry" name="CreatOrgWithIndustryTest" time="42.439"/>
  <system-out/>
</testsuite> <!-- vtiger.Organizations.Tests.CreatOrgWithInddustry -->
