<?xml version="1.0" encoding="UTF-8"?>
<!-- Generated by org.testng.reporters.JUnitReportReporter -->
<testsuite hostname="DESKTOP-3O9T5AI" failures="0" tests="3" name="vtiger.Pratice.TestNgPractice" time="0.031" errors="0" timestamp="2022-09-03T08:23:07 IST" skipped="0">
  <testcase classname="vtiger.Pratice.TestNgPractice" name="deleteCustomerTest" time="0.002"/>
  <system-out/>
  <testcase classname="vtiger.Pratice.TestNgPractice" name="createCustomerTest" time="0.025"/>
  <system-out/>
  <testcase classname="vtiger.Pratice.TestNgPractice" name="modifyCustomerTest" time="0.004"/>
  <system-out/>
</testsuite> <!-- vtiger.Pratice.TestNgPractice -->
