<?xml version="1.0" encoding="UTF-8"?>
<!-- Generated by org.testng.reporters.JUnitReportReporter -->
<testsuite hostname="DESKTOP-3O9T5AI" failures="0" tests="1" name="vtiger.Contacts.Tests.CreateContactTest" time="72.881" errors="0" timestamp="2023-02-15T08:59:59 IST" skipped="0">
  <testcase classname="vtiger.Contacts.Tests.CreateContactTest" name="CreateContactTest" time="72.881"/>
  <system-out/>
</testsuite> <!-- vtiger.Contacts.Tests.CreateContactTest -->
