<?xml version="1.0" encoding="UTF-8"?>
<!-- Generated by org.testng.reporters.JUnitReportReporter -->
<testsuite hostname="DESKTOP-3O9T5AI" failures="0" tests="5" name="vtiger.Pratice.TestNgPractice1" time="0.041" errors="0" timestamp="2022-09-03T08:34:34 IST" skipped="0">
  <testcase classname="vtiger.Pratice.TestNgPractice1" name="deleteCustomerTest" time="0.023"/>
  <system-out/>
  <testcase classname="vtiger.Pratice.TestNgPractice1" name="modifyCustomerTest" time="0.004"/>
  <system-out/>
  <testcase classname="vtiger.Pratice.TestNgPractice1" name="createCustomerTest" time="0.004"/>
  <system-out/>
  <testcase classname="vtiger.Pratice.TestNgPractice1" name="createCustomerTest" time="0.006"/>
  <system-out/>
  <testcase classname="vtiger.Pratice.TestNgPractice1" name="createCustomerTest" time="0.004"/>
  <system-out/>
</testsuite> <!-- vtiger.Pratice.TestNgPractice1 -->
