<?xml version="1.0" encoding="UTF-8"?>
<!-- Generated by org.testng.reporters.JUnitReportReporter -->
<testsuite hostname="DESKTOP-3O9T5AI" failures="0" tests="1" name="vtiger.Contacts.Tests.CrerateContactTest1" time="47.555" errors="0" timestamp="2023-02-15T09:13:26 IST" skipped="0">
  <testcase classname="vtiger.Contacts.Tests.CrerateContactTest1" name="CreateContactTest" time="47.555"/>
  <system-out>
    <![CDATA[click on org
click on create org
created org
contacts page
create contacts page
contacts created
created org]]>
  </system-out>
</testsuite> <!-- vtiger.Contacts.Tests.CrerateContactTest1 -->
