<?xml version="1.0" encoding="UTF-8"?>
<!-- Generated by org.testng.reporters.JUnitReportReporter -->
<testsuite hostname="DESKTOP-3O9T5AI" failures="0" tests="1" name="vtiger.Pratice.BasicAnnotation" time="0.016" errors="0" timestamp="2022-09-07T09:56:40 IST" skipped="0">
  <testcase classname="vtiger.Pratice.BasicAnnotation" name="test1" time="0.016"/>
  <system-out/>
</testsuite> <!-- vtiger.Pratice.BasicAnnotation -->
